[debug] [2021-04-02T03:33:41.050Z] ----------------------------------------------------------------------
[debug] [2021-04-02T03:33:41.051Z] Command:       /usr/local/bin/node /usr/local/bin/firebase emulators:start
[debug] [2021-04-02T03:33:41.051Z] CLI Version:   9.8.0
[debug] [2021-04-02T03:33:41.051Z] Platform:      darwin
[debug] [2021-04-02T03:33:41.051Z] Node Version:  v14.15.3
[debug] [2021-04-02T03:33:41.052Z] Time:          Thu Apr 01 2021 23:33:41 GMT-0400 (Eastern Daylight Time)
[debug] [2021-04-02T03:33:41.052Z] ----------------------------------------------------------------------
[debug] 
[debug] [2021-04-02T03:33:41.054Z] >>> [apiv2][query] GET https://firebase-public.firebaseio.com/cli.json [none]
[debug] [2021-04-02T03:33:41.072Z] > command requires scopes: ["email","openid","https://www.googleapis.com/auth/cloudplatformprojects.readonly","https://www.googleapis.com/auth/firebase","https://www.googleapis.com/auth/cloud-platform"]
[debug] [2021-04-02T03:33:41.072Z] > authorizing via signed-in user
[info] i  emulators: Starting emulators: functions, firestore, hosting {"metadata":{"emulator":{"name":"hub"},"message":"Starting emulators: functions, firestore, hosting"}}
[debug] [2021-04-02T03:33:41.088Z] [hub] writing locator at /var/folders/tq/7vqnt73d3sq_j4lvxrbw1swm0000gn/T/hub-nfl-table.json
[warn] ⚠  functions: The following emulators are not running, calls to these services from the Functions emulator will affect production: auth, database, pubsub {"metadata":{"emulator":{"name":"functions"},"message":"The following emulators are not running, calls to these services from the Functions emulator will affect production: \u001b[1mauth, database, pubsub\u001b[22m"}}
[warn] ⚠  Your requested "node" version "12" doesn't match your global version "14" {"metadata":{"emulator":{"name":"functions"},"message":"Your requested \"node\" version \"12\" doesn't match your global version \"14\""}}
[debug] [2021-04-02T03:33:41.131Z] defaultcredentials: writing to file /Users/jonathanbaird/.config/firebase/nfltablestats_gmail_com_application_default_credentials.json
[debug] [2021-04-02T03:33:41.134Z] Setting GAC to /Users/jonathanbaird/.config/firebase/nfltablestats_gmail_com_application_default_credentials.json {"metadata":{"emulator":{"name":"functions"},"message":"Setting GAC to /Users/jonathanbaird/.config/firebase/nfltablestats_gmail_com_application_default_credentials.json"}}
[debug] [2021-04-02T03:33:41.134Z] > refreshing access token with scopes: []
[debug] [2021-04-02T03:33:41.135Z] >>> HTTP REQUEST POST https://www.googleapis.com/oauth2/v3/token  
 <request body omitted>
[debug] [2021-04-02T03:33:41.256Z] <<< HTTP RESPONSE 200 {"cache-control":"no-cache, no-store, max-age=0, must-revalidate","pragma":"no-cache","date":"Fri, 02 Apr 2021 03:33:41 GMT","expires":"Mon, 01 Jan 1990 00:00:00 GMT","content-type":"application/json; charset=utf-8","vary":"X-Origin, Referer, Origin,Accept-Encoding","server":"scaffolding on HTTPServer2","x-xss-protection":"0","x-frame-options":"SAMEORIGIN","x-content-type-options":"nosniff","alt-svc":"h3-29=\":443\"; ma=2592000,h3-T051=\":443\"; ma=2592000,h3-Q050=\":443\"; ma=2592000,h3-Q046=\":443\"; ma=2592000,h3-Q043=\":443\"; ma=2592000,quic=\":443\"; ma=2592000; v=\"46,43\"","accept-ranges":"none","transfer-encoding":"chunked"}
[debug] [2021-04-02T03:33:41.280Z] >>> [apiv2][query] GET https://firebase.googleapis.com/v1beta1/projects/nfl-table/adminSdkConfig [none]
[debug] [2021-04-02T03:33:41.287Z] <<< [apiv2][status] GET https://firebase-public.firebaseio.com/cli.json 200
[debug] [2021-04-02T03:33:41.287Z] <<< [apiv2][body] GET https://firebase-public.firebaseio.com/cli.json {"cloudBuildErrorAfter":1594252800000,"cloudBuildWarnAfter":1590019200000,"defaultNode10After":1594252800000,"minVersion":"3.0.5","node8DeploysDisabledAfter":1613390400000,"node8RuntimeDisabledAfter":1615809600000,"node8WarnAfter":1600128000000}
[debug] [2021-04-02T03:33:41.670Z] <<< [apiv2][status] GET https://firebase.googleapis.com/v1beta1/projects/nfl-table/adminSdkConfig 200
[debug] [2021-04-02T03:33:41.670Z] <<< [apiv2][body] GET https://firebase.googleapis.com/v1beta1/projects/nfl-table/adminSdkConfig {"projectId":"nfl-table","storageBucket":"nfl-table.appspot.com","locationId":"us-central"}
[debug] [2021-04-02T03:33:41.970Z] Ignoring unsupported arg: projectId {"metadata":{"emulator":{"name":"firestore"},"message":"Ignoring unsupported arg: projectId"}}
[debug] [2021-04-02T03:33:41.970Z] Ignoring unsupported arg: auto_download {"metadata":{"emulator":{"name":"firestore"},"message":"Ignoring unsupported arg: auto_download"}}
[debug] [2021-04-02T03:33:41.971Z] Starting Firestore Emulator with command {"binary":"java","args":["-Dgoogle.cloud_firestore.debug_log_level=FINE","-Duser.language=en","-jar","/Users/jonathanbaird/.cache/firebase/emulators/cloud-firestore-emulator-v1.11.12.jar","--host","localhost","--port",8080,"--rules","/Users/jonathanbaird/Documents/Project-Table/nfl-table/nfl-table-app/firestore.rules","--functions_emulator","localhost:5001"],"optionalArgs":["port","webchannel_port","host","rules","functions_emulator","seed_from_export"],"joinArgs":false} {"metadata":{"emulator":{"name":"firestore"},"message":"Starting Firestore Emulator with command {\"binary\":\"java\",\"args\":[\"-Dgoogle.cloud_firestore.debug_log_level=FINE\",\"-Duser.language=en\",\"-jar\",\"/Users/jonathanbaird/.cache/firebase/emulators/cloud-firestore-emulator-v1.11.12.jar\",\"--host\",\"localhost\",\"--port\",8080,\"--rules\",\"/Users/jonathanbaird/Documents/Project-Table/nfl-table/nfl-table-app/firestore.rules\",\"--functions_emulator\",\"localhost:5001\"],\"optionalArgs\":[\"port\",\"webchannel_port\",\"host\",\"rules\",\"functions_emulator\",\"seed_from_export\"],\"joinArgs\":false}"}}
[info] i  firestore: Firestore Emulator logging to firestore-debug.log {"metadata":{"emulator":{"name":"firestore"},"message":"Firestore Emulator logging to \u001b[1mfirestore-debug.log\u001b[22m"}}
[debug] [2021-04-02T03:33:43.043Z] API endpoint: http://localhost:8080
If you are using a library that supports the FIRESTORE_EMULATOR_HOST environment variable, run:
 {"metadata":{"emulator":{"name":"firestore"},"message":"API endpoint: http://localhost:8080\nIf you are using a library that supports the FIRESTORE_EMULATOR_HOST environment variable, run:\n"}}
[debug] [2021-04-02T03:33:43.044Z] 
   export FIRESTORE_EMULATOR_HOST=localhost:8080

Dev App Server is now running.

 {"metadata":{"emulator":{"name":"firestore"},"message":"\n   export FIRESTORE_EMULATOR_HOST=localhost:8080\n\nDev App Server is now running.\n\n"}}
[debug] [2021-04-02T03:33:43.288Z] >>> [apiv2][query] GET https://firebase.googleapis.com/v1beta1/projects/nfl-table/webApps/-/config [none]
[debug] [2021-04-02T03:33:43.568Z] <<< [apiv2][status] GET https://firebase.googleapis.com/v1beta1/projects/nfl-table/webApps/-/config 200
[debug] [2021-04-02T03:33:43.569Z] <<< [apiv2][body] GET https://firebase.googleapis.com/v1beta1/projects/nfl-table/webApps/-/config {"projectId":"nfl-table","appId":"1:290686633807:web:6a9f51ae91451dac2ea73a","storageBucket":"nfl-table.appspot.com","locationId":"us-central","apiKey":"AIzaSyDrjcf8G_KlYoNqmms7pwPZmGYGIk0uUds","authDomain":"nfl-table.firebaseapp.com","messagingSenderId":"290686633807","measurementId":"G-7HEN34YMG0"}
[info] i  hosting: Serving hosting files from: build {"metadata":{"emulator":{"name":"hosting"},"message":"Serving hosting files from: \u001b[1mbuild\u001b[22m"}}
[info] ✔  hosting: Local server: http://localhost:5000 {"metadata":{"emulator":{"name":"hosting"},"message":"Local server: \u001b[4m\u001b[1mhttp://localhost:5000\u001b[22m\u001b[24m"}}
[debug] [2021-04-02T03:33:43.631Z] Ignoring unsupported arg: auto_download {"metadata":{"emulator":{"name":"ui"},"message":"Ignoring unsupported arg: auto_download"}}
[debug] [2021-04-02T03:33:43.631Z] Ignoring unsupported arg: port {"metadata":{"emulator":{"name":"ui"},"message":"Ignoring unsupported arg: port"}}
[debug] [2021-04-02T03:33:43.631Z] Starting Emulator UI with command {"binary":"node","args":["/Users/jonathanbaird/.cache/firebase/emulators/ui-v1.4.2/server.bundle.js"],"optionalArgs":[],"joinArgs":false} {"metadata":{"emulator":{"name":"ui"},"message":"Starting Emulator UI with command {\"binary\":\"node\",\"args\":[\"/Users/jonathanbaird/.cache/firebase/emulators/ui-v1.4.2/server.bundle.js\"],\"optionalArgs\":[],\"joinArgs\":false}"}}
[info] i  ui: Emulator UI logging to ui-debug.log {"metadata":{"emulator":{"name":"ui"},"message":"Emulator UI logging to \u001b[1mui-debug.log\u001b[22m"}}
[debug] [2021-04-02T03:33:43.724Z] Web / API server started at http://localhost:4000
 {"metadata":{"emulator":{"name":"ui"},"message":"Web / API server started at http://localhost:4000\n"}}
[info] i  functions: Watching "/Users/jonathanbaird/Documents/Project-Table/nfl-table/nfl-table-app/functions" for Cloud Functions... {"metadata":{"emulator":{"name":"functions"},"message":"Watching \"/Users/jonathanbaird/Documents/Project-Table/nfl-table/nfl-table-app/functions\" for Cloud Functions..."}}
[debug] [2021-04-02T03:33:43.934Z] [worker-pool] addWorker(~diagnostic~) {"metadata":{"emulator":{"name":"functions"},"message":"[worker-pool] addWorker(~diagnostic~)"}}
[debug] [2021-04-02T03:33:43.935Z] [worker-pool] Adding worker with key ~diagnostic~, total=1 {"metadata":{"emulator":{"name":"functions"},"message":"[worker-pool] Adding worker with key ~diagnostic~, total=1"}}
[debug] [2021-04-02T03:33:43.935Z] [worker-pool] submitWork(triggerId=) {"metadata":{"emulator":{"name":"functions"},"message":"[worker-pool] submitWork(triggerId=)"}}
[debug] [2021-04-02T03:33:43.935Z] [worker-~diagnostic~-0230a4c0-13b2-4b4f-b2e8-f59677310638]: Assigning socketPath: /var/folders/tq/7vqnt73d3sq_j4lvxrbw1swm0000gn/T/fire_emu_21037.sock {"metadata":{"emulator":{"name":"functions"},"message":"[worker-~diagnostic~-0230a4c0-13b2-4b4f-b2e8-f59677310638]: Assigning socketPath: /var/folders/tq/7vqnt73d3sq_j4lvxrbw1swm0000gn/T/fire_emu_21037.sock"}}
[debug] [2021-04-02T03:33:43.935Z] [worker-~diagnostic~-0230a4c0-13b2-4b4f-b2e8-f59677310638]: BUSY {"metadata":{"emulator":{"name":"functions"},"message":"[worker-~diagnostic~-0230a4c0-13b2-4b4f-b2e8-f59677310638]: BUSY"}}
[debug] [2021-04-02T03:33:44.059Z] [runtime-status] [21037] Functions runtime initialized. {"cwd":"/Users/jonathanbaird/Documents/Project-Table/nfl-table/nfl-table-app/functions","node_version":"14.15.3"} {"metadata":{"emulator":{"name":"functions"},"message":"[runtime-status] [21037] Functions runtime initialized. {\"cwd\":\"/Users/jonathanbaird/Documents/Project-Table/nfl-table/nfl-table-app/functions\",\"node_version\":\"14.15.3\"}"}}
[debug] [2021-04-02T03:33:44.060Z] [runtime-status] [21037] Disabled runtime features: undefined {"metadata":{"emulator":{"name":"functions"},"message":"[runtime-status] [21037] Disabled runtime features: undefined"}}
[debug] [2021-04-02T03:33:44.063Z] [runtime-status] [21037] Resolved module firebase-admin {"declared":true,"installed":true,"version":"9.6.0","resolution":"/Users/jonathanbaird/Documents/Project-Table/nfl-table/nfl-table-app/functions/node_modules/firebase-admin/lib/index.js"} {"metadata":{"emulator":{"name":"functions"},"message":"[runtime-status] [21037] Resolved module firebase-admin {\"declared\":true,\"installed\":true,\"version\":\"9.6.0\",\"resolution\":\"/Users/jonathanbaird/Documents/Project-Table/nfl-table/nfl-table-app/functions/node_modules/firebase-admin/lib/index.js\"}"}}
[debug] [2021-04-02T03:33:44.064Z] [runtime-status] [21037] Resolved module firebase-functions {"declared":true,"installed":true,"version":"3.13.2","resolution":"/Users/jonathanbaird/Documents/Project-Table/nfl-table/nfl-table-app/functions/node_modules/firebase-functions/lib/index.js"} {"metadata":{"emulator":{"name":"functions"},"message":"[runtime-status] [21037] Resolved module firebase-functions {\"declared\":true,\"installed\":true,\"version\":\"3.13.2\",\"resolution\":\"/Users/jonathanbaird/Documents/Project-Table/nfl-table/nfl-table-app/functions/node_modules/firebase-functions/lib/index.js\"}"}}
[debug] [2021-04-02T03:33:44.065Z] [runtime-status] [21037] Resolved module firebase-functions {"declared":true,"installed":true,"version":"3.13.2","resolution":"/Users/jonathanbaird/Documents/Project-Table/nfl-table/nfl-table-app/functions/node_modules/firebase-functions/lib/index.js"} {"metadata":{"emulator":{"name":"functions"},"message":"[runtime-status] [21037] Resolved module firebase-functions {\"declared\":true,\"installed\":true,\"version\":\"3.13.2\",\"resolution\":\"/Users/jonathanbaird/Documents/Project-Table/nfl-table/nfl-table-app/functions/node_modules/firebase-functions/lib/index.js\"}"}}
[debug] [2021-04-02T03:33:44.066Z] [runtime-status] [21037] Outgoing network have been stubbed. [{"name":"http","status":"mocked"},{"name":"http","status":"mocked"},{"name":"https","status":"mocked"},{"name":"https","status":"mocked"},{"name":"net","status":"mocked"}] {"metadata":{"emulator":{"name":"functions"},"message":"[runtime-status] [21037] Outgoing network have been stubbed. [{\"name\":\"http\",\"status\":\"mocked\"},{\"name\":\"http\",\"status\":\"mocked\"},{\"name\":\"https\",\"status\":\"mocked\"},{\"name\":\"https\",\"status\":\"mocked\"},{\"name\":\"net\",\"status\":\"mocked\"}]"}}
[debug] [2021-04-02T03:33:44.067Z] [runtime-status] [21037] Resolved module firebase-functions {"declared":true,"installed":true,"version":"3.13.2","resolution":"/Users/jonathanbaird/Documents/Project-Table/nfl-table/nfl-table-app/functions/node_modules/firebase-functions/lib/index.js"} {"metadata":{"emulator":{"name":"functions"},"message":"[runtime-status] [21037] Resolved module firebase-functions {\"declared\":true,\"installed\":true,\"version\":\"3.13.2\",\"resolution\":\"/Users/jonathanbaird/Documents/Project-Table/nfl-table/nfl-table-app/functions/node_modules/firebase-functions/lib/index.js\"}"}}
[debug] [2021-04-02T03:33:44.094Z] [runtime-status] [21037] Checked functions.config() {"config":{}} {"metadata":{"emulator":{"name":"functions"},"message":"[runtime-status] [21037] Checked functions.config() {\"config\":{}}"}}
[debug] [2021-04-02T03:33:44.094Z] [runtime-status] [21037] firebase-functions has been stubbed. {"functionsResolution":{"declared":true,"installed":true,"version":"3.13.2","resolution":"/Users/jonathanbaird/Documents/Project-Table/nfl-table/nfl-table-app/functions/node_modules/firebase-functions/lib/index.js"}} {"metadata":{"emulator":{"name":"functions"},"message":"[runtime-status] [21037] firebase-functions has been stubbed. {\"functionsResolution\":{\"declared\":true,\"installed\":true,\"version\":\"3.13.2\",\"resolution\":\"/Users/jonathanbaird/Documents/Project-Table/nfl-table/nfl-table-app/functions/node_modules/firebase-functions/lib/index.js\"}}"}}
[debug] [2021-04-02T03:33:44.094Z] [runtime-status] [21037] Resolved module firebase-functions {"declared":true,"installed":true,"version":"3.13.2","resolution":"/Users/jonathanbaird/Documents/Project-Table/nfl-table/nfl-table-app/functions/node_modules/firebase-functions/lib/index.js"} {"metadata":{"emulator":{"name":"functions"},"message":"[runtime-status] [21037] Resolved module firebase-functions {\"declared\":true,\"installed\":true,\"version\":\"3.13.2\",\"resolution\":\"/Users/jonathanbaird/Documents/Project-Table/nfl-table/nfl-table-app/functions/node_modules/firebase-functions/lib/index.js\"}"}}
[debug] [2021-04-02T03:33:44.095Z] [runtime-status] [21037] Resolved module firebase-admin {"declared":true,"installed":true,"version":"9.6.0","resolution":"/Users/jonathanbaird/Documents/Project-Table/nfl-table/nfl-table-app/functions/node_modules/firebase-admin/lib/index.js"} {"metadata":{"emulator":{"name":"functions"},"message":"[runtime-status] [21037] Resolved module firebase-admin {\"declared\":true,\"installed\":true,\"version\":\"9.6.0\",\"resolution\":\"/Users/jonathanbaird/Documents/Project-Table/nfl-table/nfl-table-app/functions/node_modules/firebase-admin/lib/index.js\"}"}}
[debug] [2021-04-02T03:33:44.095Z] [runtime-status] [21037] Resolved module firebase-functions {"declared":true,"installed":true,"version":"3.13.2","resolution":"/Users/jonathanbaird/Documents/Project-Table/nfl-table/nfl-table-app/functions/node_modules/firebase-functions/lib/index.js"} {"metadata":{"emulator":{"name":"functions"},"message":"[runtime-status] [21037] Resolved module firebase-functions {\"declared\":true,\"installed\":true,\"version\":\"3.13.2\",\"resolution\":\"/Users/jonathanbaird/Documents/Project-Table/nfl-table/nfl-table-app/functions/node_modules/firebase-functions/lib/index.js\"}"}}
[debug] [2021-04-02T03:33:44.095Z] [runtime-status] [21037] firebase-admin has been stubbed. {"adminResolution":{"declared":true,"installed":true,"version":"9.6.0","resolution":"/Users/jonathanbaird/Documents/Project-Table/nfl-table/nfl-table-app/functions/node_modules/firebase-admin/lib/index.js"}} {"metadata":{"emulator":{"name":"functions"},"message":"[runtime-status] [21037] firebase-admin has been stubbed. {\"adminResolution\":{\"declared\":true,\"installed\":true,\"version\":\"9.6.0\",\"resolution\":\"/Users/jonathanbaird/Documents/Project-Table/nfl-table/nfl-table-app/functions/node_modules/firebase-admin/lib/index.js\"}}"}}
[debug] [2021-04-02T03:33:44.096Z] [runtime-status] [21037] initializeApp(DEFAULT) {"storageBucket":"nfl-table.appspot.com","projectId":"nfl-table"} {"metadata":{"emulator":{"name":"functions"},"message":"[runtime-status] [21037] initializeApp(DEFAULT) {\"storageBucket\":\"nfl-table.appspot.com\",\"projectId\":\"nfl-table\"}"}}
[debug] [2021-04-02T03:33:44.285Z] [worker-~diagnostic~-0230a4c0-13b2-4b4f-b2e8-f59677310638]: IDLE {"metadata":{"emulator":{"name":"functions"},"message":"[worker-~diagnostic~-0230a4c0-13b2-4b4f-b2e8-f59677310638]: IDLE"}}
[info] ✔  functions[runQuery]: http function initialized (http://localhost:5001/nfl-table/us-central1/runQuery). {"metadata":{"emulator":{"name":"functions"},"message":"\u001b[1mhttp\u001b[22m function initialized (http://localhost:5001/nfl-table/us-central1/runQuery)."}}
[info] ✔  functions[saveState]: http function initialized (http://localhost:5001/nfl-table/us-central1/saveState). {"metadata":{"emulator":{"name":"functions"},"message":"\u001b[1mhttp\u001b[22m function initialized (http://localhost:5001/nfl-table/us-central1/saveState)."}}
[info] ✔  functions[loadState]: http function initialized (http://localhost:5001/nfl-table/us-central1/loadState). {"metadata":{"emulator":{"name":"functions"},"message":"\u001b[1mhttp\u001b[22m function initialized (http://localhost:5001/nfl-table/us-central1/loadState)."}}
[info] 
┌─────────────────────────────────────────────────────────────┐
│ ✔  All emulators ready! It is now safe to connect your app. │
│ i  View Emulator UI at http://localhost:4000                │
└─────────────────────────────────────────────────────────────┘

┌───────────┬────────────────┬─────────────────────────────────┐
│ Emulator  │ Host:Port      │ View in Emulator UI             │
├───────────┼────────────────┼─────────────────────────────────┤
│ Functions │ localhost:5001 │ http://localhost:4000/functions │
├───────────┼────────────────┼─────────────────────────────────┤
│ Firestore │ localhost:8080 │ http://localhost:4000/firestore │
├───────────┼────────────────┼─────────────────────────────────┤
│ Hosting   │ localhost:5000 │ n/a                             │
└───────────┴────────────────┴─────────────────────────────────┘
  Emulator Hub running at localhost:4400
  Other reserved ports: 4500

Issues? Report them at https://github.com/firebase/firebase-tools/issues and attach the *-debug.log files.
 
[debug] [2021-04-02T04:12:29.142Z] Functions emulator received unknown request at path /runQuery
[debug] [2021-04-02T04:14:19.459Z] Functions emulator received unknown request at path /runQuery
[debug] [2021-04-02T04:14:21.504Z] Functions emulator received unknown request at path /runQuery
[debug] [2021-04-02T04:15:13.221Z] Functions emulator received unknown request at path /runQuery
[debug] [2021-04-02T04:16:34.592Z] [work-queue] {"queueLength":1,"workRunningCount":0}
[debug] [2021-04-02T04:16:34.592Z] [work-queue] {"queueLength":0,"workRunningCount":1}
[debug] [2021-04-02T04:16:34.593Z] Accepted request POST /nfl-table/us-central1/runQuery --> runQuery
[debug] [2021-04-02T04:16:34.604Z] [worker-pool] addWorker(runQuery) {"metadata":{"emulator":{"name":"functions"},"message":"[worker-pool] addWorker(runQuery)"}}
[debug] [2021-04-02T04:16:34.605Z] [worker-pool] Adding worker with key runQuery, total=1 {"metadata":{"emulator":{"name":"functions"},"message":"[worker-pool] Adding worker with key runQuery, total=1"}}
[debug] [2021-04-02T04:16:34.605Z] [worker-pool] submitWork(triggerId=runQuery) {"metadata":{"emulator":{"name":"functions"},"message":"[worker-pool] submitWork(triggerId=runQuery)"}}
[debug] [2021-04-02T04:16:34.605Z] [worker-runQuery-10243981-544d-4243-a22d-679a30e73df3]: Assigning socketPath: /var/folders/tq/7vqnt73d3sq_j4lvxrbw1swm0000gn/T/fire_emu_22145.sock {"metadata":{"emulator":{"name":"functions"},"message":"[worker-runQuery-10243981-544d-4243-a22d-679a30e73df3]: Assigning socketPath: /var/folders/tq/7vqnt73d3sq_j4lvxrbw1swm0000gn/T/fire_emu_22145.sock"}}
[debug] [2021-04-02T04:16:34.605Z] [worker-runQuery-10243981-544d-4243-a22d-679a30e73df3]: BUSY {"metadata":{"emulator":{"name":"functions"},"message":"[worker-runQuery-10243981-544d-4243-a22d-679a30e73df3]: BUSY"}}
[debug] [2021-04-02T04:16:34.798Z] [runtime-status] [22145] Functions runtime initialized. {"cwd":"/Users/jonathanbaird/Documents/Project-Table/nfl-table/nfl-table-app/functions","node_version":"14.15.3"} {"metadata":{"emulator":{"name":"functions"},"function":{"name":"runQuery"},"message":"[runtime-status] [22145] Functions runtime initialized. {\"cwd\":\"/Users/jonathanbaird/Documents/Project-Table/nfl-table/nfl-table-app/functions\",\"node_version\":\"14.15.3\"}"}}
[debug] [2021-04-02T04:16:34.799Z] [runtime-status] [22145] Disabled runtime features: undefined {"metadata":{"emulator":{"name":"functions"},"function":{"name":"runQuery"},"message":"[runtime-status] [22145] Disabled runtime features: undefined"}}
[debug] [2021-04-02T04:16:34.801Z] [runtime-status] [22145] Resolved module firebase-admin {"declared":true,"installed":true,"version":"9.6.0","resolution":"/Users/jonathanbaird/Documents/Project-Table/nfl-table/nfl-table-app/functions/node_modules/firebase-admin/lib/index.js"} {"metadata":{"emulator":{"name":"functions"},"function":{"name":"runQuery"},"message":"[runtime-status] [22145] Resolved module firebase-admin {\"declared\":true,\"installed\":true,\"version\":\"9.6.0\",\"resolution\":\"/Users/jonathanbaird/Documents/Project-Table/nfl-table/nfl-table-app/functions/node_modules/firebase-admin/lib/index.js\"}"}}
[debug] [2021-04-02T04:16:34.803Z] [runtime-status] [22145] Resolved module firebase-functions {"declared":true,"installed":true,"version":"3.13.2","resolution":"/Users/jonathanbaird/Documents/Project-Table/nfl-table/nfl-table-app/functions/node_modules/firebase-functions/lib/index.js"} {"metadata":{"emulator":{"name":"functions"},"function":{"name":"runQuery"},"message":"[runtime-status] [22145] Resolved module firebase-functions {\"declared\":true,\"installed\":true,\"version\":\"3.13.2\",\"resolution\":\"/Users/jonathanbaird/Documents/Project-Table/nfl-table/nfl-table-app/functions/node_modules/firebase-functions/lib/index.js\"}"}}
[debug] [2021-04-02T04:16:34.803Z] [runtime-status] [22145] Resolved module firebase-functions {"declared":true,"installed":true,"version":"3.13.2","resolution":"/Users/jonathanbaird/Documents/Project-Table/nfl-table/nfl-table-app/functions/node_modules/firebase-functions/lib/index.js"} {"metadata":{"emulator":{"name":"functions"},"function":{"name":"runQuery"},"message":"[runtime-status] [22145] Resolved module firebase-functions {\"declared\":true,\"installed\":true,\"version\":\"3.13.2\",\"resolution\":\"/Users/jonathanbaird/Documents/Project-Table/nfl-table/nfl-table-app/functions/node_modules/firebase-functions/lib/index.js\"}"}}
[debug] [2021-04-02T04:16:34.804Z] [runtime-status] [22145] Outgoing network have been stubbed. [{"name":"http","status":"mocked"},{"name":"http","status":"mocked"},{"name":"https","status":"mocked"},{"name":"https","status":"mocked"},{"name":"net","status":"mocked"}] {"metadata":{"emulator":{"name":"functions"},"function":{"name":"runQuery"},"message":"[runtime-status] [22145] Outgoing network have been stubbed. [{\"name\":\"http\",\"status\":\"mocked\"},{\"name\":\"http\",\"status\":\"mocked\"},{\"name\":\"https\",\"status\":\"mocked\"},{\"name\":\"https\",\"status\":\"mocked\"},{\"name\":\"net\",\"status\":\"mocked\"}]"}}
[debug] [2021-04-02T04:16:34.805Z] [runtime-status] [22145] Resolved module firebase-functions {"declared":true,"installed":true,"version":"3.13.2","resolution":"/Users/jonathanbaird/Documents/Project-Table/nfl-table/nfl-table-app/functions/node_modules/firebase-functions/lib/index.js"} {"metadata":{"emulator":{"name":"functions"},"function":{"name":"runQuery"},"message":"[runtime-status] [22145] Resolved module firebase-functions {\"declared\":true,\"installed\":true,\"version\":\"3.13.2\",\"resolution\":\"/Users/jonathanbaird/Documents/Project-Table/nfl-table/nfl-table-app/functions/node_modules/firebase-functions/lib/index.js\"}"}}
[debug] [2021-04-02T04:16:34.834Z] [runtime-status] [22145] Checked functions.config() {"config":{}} {"metadata":{"emulator":{"name":"functions"},"function":{"name":"runQuery"},"message":"[runtime-status] [22145] Checked functions.config() {\"config\":{}}"}}
[debug] [2021-04-02T04:16:34.835Z] [runtime-status] [22145] firebase-functions has been stubbed. {"functionsResolution":{"declared":true,"installed":true,"version":"3.13.2","resolution":"/Users/jonathanbaird/Documents/Project-Table/nfl-table/nfl-table-app/functions/node_modules/firebase-functions/lib/index.js"}} {"metadata":{"emulator":{"name":"functions"},"function":{"name":"runQuery"},"message":"[runtime-status] [22145] firebase-functions has been stubbed. {\"functionsResolution\":{\"declared\":true,\"installed\":true,\"version\":\"3.13.2\",\"resolution\":\"/Users/jonathanbaird/Documents/Project-Table/nfl-table/nfl-table-app/functions/node_modules/firebase-functions/lib/index.js\"}}"}}
[debug] [2021-04-02T04:16:34.835Z] [runtime-status] [22145] Resolved module firebase-functions {"declared":true,"installed":true,"version":"3.13.2","resolution":"/Users/jonathanbaird/Documents/Project-Table/nfl-table/nfl-table-app/functions/node_modules/firebase-functions/lib/index.js"} {"metadata":{"emulator":{"name":"functions"},"function":{"name":"runQuery"},"message":"[runtime-status] [22145] Resolved module firebase-functions {\"declared\":true,\"installed\":true,\"version\":\"3.13.2\",\"resolution\":\"/Users/jonathanbaird/Documents/Project-Table/nfl-table/nfl-table-app/functions/node_modules/firebase-functions/lib/index.js\"}"}}
[debug] [2021-04-02T04:16:34.835Z] [runtime-status] [22145] Resolved module firebase-admin {"declared":true,"installed":true,"version":"9.6.0","resolution":"/Users/jonathanbaird/Documents/Project-Table/nfl-table/nfl-table-app/functions/node_modules/firebase-admin/lib/index.js"} {"metadata":{"emulator":{"name":"functions"},"function":{"name":"runQuery"},"message":"[runtime-status] [22145] Resolved module firebase-admin {\"declared\":true,\"installed\":true,\"version\":\"9.6.0\",\"resolution\":\"/Users/jonathanbaird/Documents/Project-Table/nfl-table/nfl-table-app/functions/node_modules/firebase-admin/lib/index.js\"}"}}
[debug] [2021-04-02T04:16:34.835Z] [runtime-status] [22145] Resolved module firebase-functions {"declared":true,"installed":true,"version":"3.13.2","resolution":"/Users/jonathanbaird/Documents/Project-Table/nfl-table/nfl-table-app/functions/node_modules/firebase-functions/lib/index.js"} {"metadata":{"emulator":{"name":"functions"},"function":{"name":"runQuery"},"message":"[runtime-status] [22145] Resolved module firebase-functions {\"declared\":true,\"installed\":true,\"version\":\"3.13.2\",\"resolution\":\"/Users/jonathanbaird/Documents/Project-Table/nfl-table/nfl-table-app/functions/node_modules/firebase-functions/lib/index.js\"}"}}
[debug] [2021-04-02T04:16:34.835Z] [runtime-status] [22145] firebase-admin has been stubbed. {"adminResolution":{"declared":true,"installed":true,"version":"9.6.0","resolution":"/Users/jonathanbaird/Documents/Project-Table/nfl-table/nfl-table-app/functions/node_modules/firebase-admin/lib/index.js"}} {"metadata":{"emulator":{"name":"functions"},"function":{"name":"runQuery"},"message":"[runtime-status] [22145] firebase-admin has been stubbed. {\"adminResolution\":{\"declared\":true,\"installed\":true,\"version\":\"9.6.0\",\"resolution\":\"/Users/jonathanbaird/Documents/Project-Table/nfl-table/nfl-table-app/functions/node_modules/firebase-admin/lib/index.js\"}}"}}
[debug] [2021-04-02T04:16:34.836Z] [runtime-status] [22145] initializeApp(DEFAULT) {"storageBucket":"nfl-table.appspot.com","projectId":"nfl-table"} {"metadata":{"emulator":{"name":"functions"},"function":{"name":"runQuery"},"message":"[runtime-status] [22145] initializeApp(DEFAULT) {\"storageBucket\":\"nfl-table.appspot.com\",\"projectId\":\"nfl-table\"}"}}
[debug] [2021-04-02T04:16:35.044Z] [runtime-status] [22145] Trigger "runQuery" has been found, beginning invocation! {"metadata":{"emulator":{"name":"functions"},"function":{"name":"runQuery"},"message":"[runtime-status] [22145] Trigger \"runQuery\" has been found, beginning invocation!"}}
[info] i  functions: Beginning execution of "runQuery" {"metadata":{"emulator":{"name":"functions"},"function":{"name":"runQuery"},"message":"Beginning execution of \"runQuery\""}}
[debug] [2021-04-02T04:16:35.045Z] [runtime-status] [22145] triggerDefinition {"httpsTrigger":{},"name":"runQuery","entryPoint":"runQuery"} {"metadata":{"emulator":{"name":"functions"},"function":{"name":"runQuery"},"message":"[runtime-status] [22145] triggerDefinition {\"httpsTrigger\":{},\"name\":\"runQuery\",\"entryPoint\":\"runQuery\"}"}}
[debug] [2021-04-02T04:16:35.045Z] [runtime-status] [22145] Running runQuery in mode HTTPS {"metadata":{"emulator":{"name":"functions"},"function":{"name":"runQuery"},"message":"[runtime-status] [22145] Running runQuery in mode HTTPS"}}
[debug] [2021-04-02T04:16:35.049Z] [runtime-status] [22145] Attempting to listen to socketPath: /var/folders/tq/7vqnt73d3sq_j4lvxrbw1swm0000gn/T/fire_emu_22145.sock {"metadata":{"emulator":{"name":"functions"},"function":{"name":"runQuery"},"message":"[runtime-status] [22145] Attempting to listen to socketPath: /var/folders/tq/7vqnt73d3sq_j4lvxrbw1swm0000gn/T/fire_emu_22145.sock"}}
[debug] [2021-04-02T04:16:35.052Z] [functions] Runtime ready! Sending request! {"metadata":{"emulator":{"name":"functions"},"message":"[functions] Runtime ready! Sending request!"}}
[debug] [2021-04-02T04:16:35.053Z] [functions] Got req.url=/nfl-table/us-central1/runQuery, mapping to path=/ {"metadata":{"emulator":{"name":"functions"},"message":"[functions] Got req.url=/nfl-table/us-central1/runQuery, mapping to path=/"}}
[debug] [2021-04-02T04:16:35.070Z] [runtime-status] [22145] Ephemeral server handling POST request {"metadata":{"emulator":{"name":"functions"},"function":{"name":"runQuery"},"message":"[runtime-status] [22145] Ephemeral server handling POST request"}}
[info] >  {"severity":"INFO","message":"{\"columns\":{\"col1\":{\"field\":\"pass_yards_sum\",\"filters\":{\"season_year\":\"2020\"}}},\"row\":{\"field\":\"player_name_with_position\"},\"where\":{}}"} {"user":{"severity":"INFO","message":"{\"columns\":{\"col1\":{\"field\":\"pass_yards_sum\",\"filters\":{\"season_year\":\"2020\"}}},\"row\":{\"field\":\"player_name_with_position\"},\"where\":{}}"},"metadata":{"emulator":{"name":"functions"},"function":{"name":"runQuery"},"message":"\u001b[90m> \u001b[39m {\"severity\":\"INFO\",\"message\":\"{\\\"columns\\\":{\\\"col1\\\":{\\\"field\\\":\\\"pass_yards_sum\\\",\\\"filters\\\":{\\\"season_year\\\":\\\"2020\\\"}}},\\\"row\\\":{\\\"field\\\":\\\"player_name_with_position\\\"},\\\"where\\\":{}}\"}"}}
[info] >  {"severity":"INFO","message":"SELECT ' ' AS rnk,\nplayer_name_with_position,\nSUM(CASE WHEN true AND season_year = 2020 THEN pass_yards ELSE NULL END) AS col1\nFROM `nfl-table.main.prod`\nWHERE season_year IN (2020) AND \nstat_type IN (\"pass\") AND \nnullified IS NULL\nGROUP BY 1, 2\nORDER BY 3 DESC"} {"user":{"severity":"INFO","message":"SELECT ' ' AS rnk,\nplayer_name_with_position,\nSUM(CASE WHEN true AND season_year = 2020 THEN pass_yards ELSE NULL END) AS col1\nFROM `nfl-table.main.prod`\nWHERE season_year IN (2020) AND \nstat_type IN (\"pass\") AND \nnullified IS NULL\nGROUP BY 1, 2\nORDER BY 3 DESC"},"metadata":{"emulator":{"name":"functions"},"function":{"name":"runQuery"},"message":"\u001b[90m> \u001b[39m {\"severity\":\"INFO\",\"message\":\"SELECT ' ' AS rnk,\\nplayer_name_with_position,\\nSUM(CASE WHEN true AND season_year = 2020 THEN pass_yards ELSE NULL END) AS col1\\nFROM `nfl-table.main.prod`\\nWHERE season_year IN (2020) AND \\nstat_type IN (\\\"pass\\\") AND \\nnullified IS NULL\\nGROUP BY 1, 2\\nORDER BY 3 DESC\"}"}}
[warn] ⚠  Google API requested!
   - URL: "https://oauth2.googleapis.com/token"
   - Be careful, this may be a production service. {"metadata":{"emulator":{"name":"functions"},"function":{"name":"runQuery"},"message":"Google API requested!\n   - URL: \"https://oauth2.googleapis.com/token\"\n   - Be careful, this may be a production service."}}
[warn] ⚠  Google API requested!
   - URL: "https://bigquery.googleapis.com/bigquery/v2/projects/nfl-table/jobs?prettyPrint=false"
   - Be careful, this may be a production service. {"metadata":{"emulator":{"name":"functions"},"function":{"name":"runQuery"},"message":"Google API requested!\n   - URL: \"https://bigquery.googleapis.com/bigquery/v2/projects/nfl-table/jobs?prettyPrint=false\"\n   - Be careful, this may be a production service."}}
[info] >  Job 0185db3f-ccd6-4694-9e49-60f30906b677 started. {"user":"Job 0185db3f-ccd6-4694-9e49-60f30906b677 started.","metadata":{"emulator":{"name":"functions"},"function":{"name":"runQuery"},"message":"\u001b[90m> \u001b[39m Job 0185db3f-ccd6-4694-9e49-60f30906b677 started."}}
[warn] ⚠  Google API requested!
   - URL: "https://bigquery.googleapis.com/bigquery/v2/projects/nfl-table/queries/0185db3f-ccd6-4694-9e49-60f30906b677?location=US&prettyPrint=false"
   - Be careful, this may be a production service. {"metadata":{"emulator":{"name":"functions"},"function":{"name":"runQuery"},"message":"Google API requested!\n   - URL: \"https://bigquery.googleapis.com/bigquery/v2/projects/nfl-table/queries/0185db3f-ccd6-4694-9e49-60f30906b677?location=US&prettyPrint=false\"\n   - Be careful, this may be a production service."}}
[debug] [2021-04-02T04:16:37.037Z] [runtime-status] [22145] Ephemeral server survived. {"metadata":{"emulator":{"name":"functions"},"function":{"name":"runQuery"},"message":"[runtime-status] [22145] Ephemeral server survived."}}
[info] i  functions: Finished "runQuery" in ~1s {"metadata":{"emulator":{"name":"functions"},"function":{"name":"runQuery"},"message":"Finished \"runQuery\" in ~1s"}}
[debug] [2021-04-02T04:16:37.039Z] [worker-runQuery-10243981-544d-4243-a22d-679a30e73df3]: IDLE {"metadata":{"emulator":{"name":"functions"},"message":"[worker-runQuery-10243981-544d-4243-a22d-679a30e73df3]: IDLE"}}
[debug] [2021-04-02T04:16:37.039Z] [work-queue] {"queueLength":0,"workRunningCount":0}
[debug] [2021-04-02T04:53:55.485Z] [work-queue] {"queueLength":1,"workRunningCount":0}
[debug] [2021-04-02T04:53:55.486Z] [work-queue] {"queueLength":0,"workRunningCount":1}
[debug] [2021-04-02T04:53:55.486Z] Accepted request POST /nfl-table/us-central1/runQuery --> runQuery
[debug] [2021-04-02T04:53:55.486Z] [worker-pool] submitWork(triggerId=runQuery) {"metadata":{"emulator":{"name":"functions"},"message":"[worker-pool] submitWork(triggerId=runQuery)"}}
[debug] [2021-04-02T04:53:55.487Z] [worker-runQuery-10243981-544d-4243-a22d-679a30e73df3]: Assigning socketPath: /var/folders/tq/7vqnt73d3sq_j4lvxrbw1swm0000gn/T/fire_emu_22145.sock {"metadata":{"emulator":{"name":"functions"},"message":"[worker-runQuery-10243981-544d-4243-a22d-679a30e73df3]: Assigning socketPath: /var/folders/tq/7vqnt73d3sq_j4lvxrbw1swm0000gn/T/fire_emu_22145.sock"}}
[debug] [2021-04-02T04:53:55.487Z] [worker-runQuery-10243981-544d-4243-a22d-679a30e73df3]: BUSY {"metadata":{"emulator":{"name":"functions"},"message":"[worker-runQuery-10243981-544d-4243-a22d-679a30e73df3]: BUSY"}}
[debug] [2021-04-02T04:53:55.488Z] [runtime-status] [22145] Trigger "runQuery" has been found, beginning invocation! {"metadata":{"emulator":{"name":"functions"},"function":{"name":"runQuery"},"message":"[runtime-status] [22145] Trigger \"runQuery\" has been found, beginning invocation!"}}
[info] i  functions: Beginning execution of "runQuery" {"metadata":{"emulator":{"name":"functions"},"function":{"name":"runQuery"},"message":"Beginning execution of \"runQuery\""}}
[debug] [2021-04-02T04:53:55.490Z] [runtime-status] [22145] triggerDefinition {"httpsTrigger":{},"name":"runQuery","entryPoint":"runQuery"} {"metadata":{"emulator":{"name":"functions"},"function":{"name":"runQuery"},"message":"[runtime-status] [22145] triggerDefinition {\"httpsTrigger\":{},\"name\":\"runQuery\",\"entryPoint\":\"runQuery\"}"}}
[debug] [2021-04-02T04:53:55.490Z] [runtime-status] [22145] Running runQuery in mode HTTPS {"metadata":{"emulator":{"name":"functions"},"function":{"name":"runQuery"},"message":"[runtime-status] [22145] Running runQuery in mode HTTPS"}}
[debug] [2021-04-02T04:53:55.491Z] [runtime-status] [22145] Attempting to listen to socketPath: /var/folders/tq/7vqnt73d3sq_j4lvxrbw1swm0000gn/T/fire_emu_22145.sock {"metadata":{"emulator":{"name":"functions"},"function":{"name":"runQuery"},"message":"[runtime-status] [22145] Attempting to listen to socketPath: /var/folders/tq/7vqnt73d3sq_j4lvxrbw1swm0000gn/T/fire_emu_22145.sock"}}
[debug] [2021-04-02T04:53:55.494Z] [functions] Runtime ready! Sending request! {"metadata":{"emulator":{"name":"functions"},"message":"[functions] Runtime ready! Sending request!"}}
[debug] [2021-04-02T04:53:55.495Z] [functions] Got req.url=/nfl-table/us-central1/runQuery, mapping to path=/ {"metadata":{"emulator":{"name":"functions"},"message":"[functions] Got req.url=/nfl-table/us-central1/runQuery, mapping to path=/"}}
[debug] [2021-04-02T04:53:55.504Z] [runtime-status] [22145] Ephemeral server handling POST request {"metadata":{"emulator":{"name":"functions"},"function":{"name":"runQuery"},"message":"[runtime-status] [22145] Ephemeral server handling POST request"}}
[info] >  {"severity":"INFO","message":"{\"columns\":{\"col1\":{\"field\":\"pass_attempts_sum\",\"filters\":{\"season_year\":\"2020\",\"pass_incompletion_type\":\"'Poorly Thrown'\"}}},\"row\":{\"field\":\"player_name_with_position\"},\"where\":{}}"} {"user":{"severity":"INFO","message":"{\"columns\":{\"col1\":{\"field\":\"pass_attempts_sum\",\"filters\":{\"season_year\":\"2020\",\"pass_incompletion_type\":\"'Poorly Thrown'\"}}},\"row\":{\"field\":\"player_name_with_position\"},\"where\":{}}"},"metadata":{"emulator":{"name":"functions"},"function":{"name":"runQuery"},"message":"\u001b[90m> \u001b[39m {\"severity\":\"INFO\",\"message\":\"{\\\"columns\\\":{\\\"col1\\\":{\\\"field\\\":\\\"pass_attempts_sum\\\",\\\"filters\\\":{\\\"season_year\\\":\\\"2020\\\",\\\"pass_incompletion_type\\\":\\\"'Poorly Thrown'\\\"}}},\\\"row\\\":{\\\"field\\\":\\\"player_name_with_position\\\"},\\\"where\\\":{}}\"}"}}
[info] >  {"severity":"INFO","message":"SELECT ' ' AS rnk,\nplayer_name_with_position,\nSUM(CASE WHEN true AND season_year = 2020 AND pass_incompletion_type = 'Poorly Thrown' THEN pass_was_attempt  ELSE NULL END) AS col1\nFROM `nfl-table.main.prod`\nWHERE season_year IN (2020) AND \nstat_type IN (\"pass\") AND \nnullified IS NULL\nGROUP BY 1, 2\nORDER BY 3 DESC"} {"user":{"severity":"INFO","message":"SELECT ' ' AS rnk,\nplayer_name_with_position,\nSUM(CASE WHEN true AND season_year = 2020 AND pass_incompletion_type = 'Poorly Thrown' THEN pass_was_attempt  ELSE NULL END) AS col1\nFROM `nfl-table.main.prod`\nWHERE season_year IN (2020) AND \nstat_type IN (\"pass\") AND \nnullified IS NULL\nGROUP BY 1, 2\nORDER BY 3 DESC"},"metadata":{"emulator":{"name":"functions"},"function":{"name":"runQuery"},"message":"\u001b[90m> \u001b[39m {\"severity\":\"INFO\",\"message\":\"SELECT ' ' AS rnk,\\nplayer_name_with_position,\\nSUM(CASE WHEN true AND season_year = 2020 AND pass_incompletion_type = 'Poorly Thrown' THEN pass_was_attempt  ELSE NULL END) AS col1\\nFROM `nfl-table.main.prod`\\nWHERE season_year IN (2020) AND \\nstat_type IN (\\\"pass\\\") AND \\nnullified IS NULL\\nGROUP BY 1, 2\\nORDER BY 3 DESC\"}"}}
[info] >  Job 17b24e89-7c26-4847-b40e-e86a996c3318 started. {"user":"Job 17b24e89-7c26-4847-b40e-e86a996c3318 started.","metadata":{"emulator":{"name":"functions"},"function":{"name":"runQuery"},"message":"\u001b[90m> \u001b[39m Job 17b24e89-7c26-4847-b40e-e86a996c3318 started."}}
[warn] ⚠  Google API requested!
   - URL: "https://bigquery.googleapis.com/bigquery/v2/projects/nfl-table/queries/17b24e89-7c26-4847-b40e-e86a996c3318?location=US&prettyPrint=false"
   - Be careful, this may be a production service. {"metadata":{"emulator":{"name":"functions"},"function":{"name":"runQuery"},"message":"Google API requested!\n   - URL: \"https://bigquery.googleapis.com/bigquery/v2/projects/nfl-table/queries/17b24e89-7c26-4847-b40e-e86a996c3318?location=US&prettyPrint=false\"\n   - Be careful, this may be a production service."}}
[debug] [2021-04-02T04:53:57.077Z] [runtime-status] [22145] Ephemeral server survived. {"metadata":{"emulator":{"name":"functions"},"function":{"name":"runQuery"},"message":"[runtime-status] [22145] Ephemeral server survived."}}
[info] i  functions: Finished "runQuery" in ~1s {"metadata":{"emulator":{"name":"functions"},"function":{"name":"runQuery"},"message":"Finished \"runQuery\" in ~1s"}}
[debug] [2021-04-02T04:53:57.078Z] [worker-runQuery-10243981-544d-4243-a22d-679a30e73df3]: IDLE {"metadata":{"emulator":{"name":"functions"},"message":"[worker-runQuery-10243981-544d-4243-a22d-679a30e73df3]: IDLE"}}
[debug] [2021-04-02T04:53:57.078Z] [work-queue] {"queueLength":0,"workRunningCount":0}
